<?xml version="1.0" encoding="UTF-8"?>
<testng-results ignored="0" total="2" passed="2" failed="0" skipped="0">
  <reporter-output>
  </reporter-output>
  <suite started-at="2026-03-17T15:09:34 IST" name="Suite" finished-at="2026-03-17T15:09:37 IST" duration-ms="2623">
    <groups>
    </groups>
    <test started-at="2026-03-17T15:09:34 IST" name="Test" finished-at="2026-03-17T15:09:37 IST" duration-ms="2623">
      <class name="com.muvi.api.tests.PostApiTest">
        <test-method is-config="true" signature="setup()[pri:0, instance:com.muvi.api.tests.PostApiTest@a1153bc]" started-at="2026-03-17T15:09:34 IST" name="setup" finished-at="2026-03-17T15:09:34 IST" duration-ms="360" status="PASS">
          <reporter-output>
          </reporter-output>
        </test-method> <!-- setup -->
        <test-method signature="testCreateProduct()[pri:0, instance:com.muvi.api.tests.PostApiTest@a1153bc]" started-at="2026-03-17T15:09:34 IST" name="testCreateProduct" finished-at="2026-03-17T15:09:36 IST" duration-ms="2096" status="PASS">
          <reporter-output>
          </reporter-output>
        </test-method> <!-- testCreateProduct -->
      </class> <!-- com.muvi.api.tests.PostApiTest -->
      <class name="com.muvi.api.tests.GetApiTest">
        <test-method is-config="true" signature="setup()[pri:0, instance:com.muvi.api.tests.GetApiTest@76505305]" started-at="2026-03-17T15:09:34 IST" name="setup" finished-at="2026-03-17T15:09:34 IST" duration-ms="360" status="PASS">
          <reporter-output>
          </reporter-output>
        </test-method> <!-- setup -->
        <test-method signature="testGetPost()[pri:0, instance:com.muvi.api.tests.GetApiTest@76505305]" started-at="2026-03-17T15:09:34 IST" name="testGetPost" finished-at="2026-03-17T15:09:37 IST" duration-ms="2220" status="PASS">
          <reporter-output>
          </reporter-output>
        </test-method> <!-- testGetPost -->
      </class> <!-- com.muvi.api.tests.GetApiTest -->
    </test> <!-- Test -->
  </suite> <!-- Suite -->
</testng-results>
