<?xml version="1.0" encoding="UTF-8"?>
<!-- Generated by org.testng.reporters.JUnitReportReporter -->
<testsuite hostname="LAPTOP-6V7QAVVI" failures="0" tests="3" name="Session19.OwnAPITesting" time="1.605" errors="0" timestamp="2026-03-05T10:59:53 IST" skipped="2">
  <testcase classname="Session19.OwnAPITesting" name="readUserData" time="1.605"/>
  <system-out/>
  <testcase classname="Session19.OwnAPITesting" name="CreateUser">
    <skipped/>
  </testcase> <!-- CreateUser -->
  <system-out/>
  <testcase classname="Session19.OwnAPITesting" name="UpdateUser">
    <skipped/>
  </testcase> <!-- UpdateUser -->
  <system-out/>
</testsuite> <!-- Session19.OwnAPITesting -->
